#
# There is insufficient memory for the Java Runtime Environment to continue.
# Native memory allocation (malloc) failed to allocate 32744 bytes. Error detail: Chunk::new
# Possible reasons:
#   The system is out of physical RAM or swap space
#   This process is running with CompressedOops enabled, and the Java Heap may be blocking the growth of the native heap
# Possible solutions:
#   Reduce memory load on the system
#   Increase physical memory or swap space
#   Check if swap backing store is full
#   Decrease Java heap size (-Xmx/-Xms)
#   Decrease number of Java threads
#   Decrease Java thread stack sizes (-Xss)
#   Set larger code cache with -XX:ReservedCodeCacheSize=
#   JVM is running with Unscaled Compressed Oops mode in which the Java heap is
#     placed in the first 4GB address space. The Java Heap base address is the
#     maximum limit for the native heap growth. Please use -XX:HeapBaseMinAddress
#     to set the Java Heap base and to place the Java Heap above 4GB virtual address.
# This output file may be truncated or incomplete.
#
#  Out of Memory Error (arena.cpp:150), pid=5772, tid=14132
#
# JRE version: Java(TM) SE Runtime Environment (22.0+36) (build 22+36-2370)
# Java VM: Java HotSpot(TM) 64-Bit Server VM (22+36-2370, mixed mode, sharing, tiered, compressed oops, compressed class ptrs, g1 gc, windows-amd64)
# No core dump will be written. Minidumps are not enabled by default on client versions of Windows
#

---------------  S U M M A R Y ------------

Command Line: -Dfile.encoding=UTF-8 -Dstdout.encoding=UTF-8 -Dstderr.encoding=UTF-8 -XX:+ShowCodeDetailsInExceptionMessages Main

Host: 11th Gen Intel(R) Core(TM) i3-1115G4 @ 3.00GHz, 4 cores, 3G,  Windows 11 , 64 bit Build 26100 (10.0.26100.6725)
Time: Sat Nov 29 08:43:01 2025 Hora oficial do Brasil elapsed time: 0.359917 seconds (0d 0h 0m 0s)

---------------  T H R E A D  ---------------

Current thread (0x000002993d4e7e20):  JavaThread "C1 CompilerThread0" daemon [_thread_in_native, id=14132, stack(0x000000a5aef00000,0x000000a5af000000) (1024K)]


Current CompileTask:
C1:359  296       3       jdk.internal.org.objectweb.asm.Frame::execute (2305 bytes)

Stack: [0x000000a5aef00000,0x000000a5af000000]
Native frames: (J=compiled Java code, j=interpreted, Vv=VM code, C=native code)
V  [jvm.dll+0x6e2349]  (no source info available)
V  [jvm.dll+0x874ed3]  (no source info available)
V  [jvm.dll+0x8772fe]  (no source info available)
V  [jvm.dll+0x8779d3]  (no source info available)
V  [jvm.dll+0x27fcb6]  (no source info available)
V  [jvm.dll+0xc3d0f]  (no source info available)
V  [jvm.dll+0xc3f6b]  (no source info available)
V  [jvm.dll+0x194c03]  (no source info available)
V  [jvm.dll+0x194ccd]  (no source info available)
V  [jvm.dll+0x197271]  (no source info available)
V  [jvm.dll+0x198714]  (no source info available)
V  [jvm.dll+0x153e45]  (no source info available)
V  [jvm.dll+0x1535c3]  (no source info available)
V  [jvm.dll+0x1538a0]  (no source info available)
V  [jvm.dll+0x152c1d]  (no source info available)
V  [jvm.dll+0x154add]  (no source info available)
V  [jvm.dll+0x25699e]  (no source info available)
V  [jvm.dll+0x254c5a]  (no source info available)
V  [jvm.dll+0x3f5426]  (no source info available)
V  [jvm.dll+0x81d50b]  (no source info available)
V  [jvm.dll+0x6e09e5]  (no source info available)
C  [ucrtbase.dll+0x37b0]  (no source info available)
C  [KERNEL32.DLL+0x2e8d7]  (no source info available)
C  [ntdll.dll+0x8c53c]  (no source info available)


---------------  P R O C E S S  ---------------

Threads class SMR info:
_java_thread_list=0x000002993d7e9c70, length=11, elements={
0x000002993d49cf80, 0x000002993d49e800, 0x000002993d4a3a30, 0x000002993d4a64a0,
0x000002993d4a9720, 0x000002993d4aa180, 0x000002993d4aaf10, 0x000002993d4e7e20,
0x000002993d774b80, 0x000002993d783a30, 0x0000029920911770
}

Java Threads: ( => current thread )
  0x000002993d49cf80 JavaThread "Reference Handler"          daemon [_thread_blocked, id=19264, stack(0x000000a5ae800000,0x000000a5ae900000) (1024K)]
  0x000002993d49e800 JavaThread "Finalizer"                  daemon [_thread_blocked, id=2244, stack(0x000000a5ae900000,0x000000a5aea00000) (1024K)]
  0x000002993d4a3a30 JavaThread "Signal Dispatcher"          daemon [_thread_blocked, id=18756, stack(0x000000a5aea00000,0x000000a5aeb00000) (1024K)]
  0x000002993d4a64a0 JavaThread "Attach Listener"            daemon [_thread_blocked, id=16080, stack(0x000000a5aeb00000,0x000000a5aec00000) (1024K)]
  0x000002993d4a9720 JavaThread "Service Thread"             daemon [_thread_blocked, id=13148, stack(0x000000a5aec00000,0x000000a5aed00000) (1024K)]
  0x000002993d4aa180 JavaThread "Monitor Deflation Thread"   daemon [_thread_blocked, id=4944, stack(0x000000a5aed00000,0x000000a5aee00000) (1024K)]
  0x000002993d4aaf10 JavaThread "C2 CompilerThread0"         daemon [_thread_blocked, id=4736, stack(0x000000a5aee00000,0x000000a5aef00000) (1024K)]
=>0x000002993d4e7e20 JavaThread "C1 CompilerThread0"         daemon [_thread_in_native, id=14132, stack(0x000000a5aef00000,0x000000a5af000000) (1024K)]
  0x000002993d774b80 JavaThread "Notification Thread"        daemon [_thread_blocked, id=16208, stack(0x000000a5af000000,0x000000a5af100000) (1024K)]
  0x000002993d783a30 JavaThread "Common-Cleaner"             daemon [_thread_blocked, id=1200, stack(0x000000a5af100000,0x000000a5af200000) (1024K)]
  0x0000029920911770 JavaThread "DestroyJavaVM"                     [_thread_blocked, id=11976, stack(0x000000a5ae000000,0x000000a5ae100000) (1024K)]
Total: 11

Other Threads:
  0x000002992235e4a0 VMThread "VM Thread"                           [id=20044, stack(0x000000a5ae700000,0x000000a5ae800000) (1024K)]
  0x000002992234b240 WatcherThread "VM Periodic Task Thread"        [id=12960, stack(0x000000a5ae600000,0x000000a5ae700000) (1024K)]
  0x00000299222cfac0 WorkerThread "GC Thread#0"                     [id=5916, stack(0x000000a5ae100000,0x000000a5ae200000) (1024K)]
  0x00000299222d9780 ConcurrentGCThread "G1 Main Marker"            [id=4660, stack(0x000000a5ae200000,0x000000a5ae300000) (1024K)]
  0x00000299222db0c0 WorkerThread "G1 Conc#0"                       [id=11652, stack(0x000000a5ae300000,0x000000a5ae400000) (1024K)]
  0x0000029922338830 ConcurrentGCThread "G1 Refine#0"               [id=17652, stack(0x000000a5ae400000,0x000000a5ae500000) (1024K)]
  0x00000299223392c0 ConcurrentGCThread "G1 Service"                [id=19828, stack(0x000000a5ae500000,0x000000a5ae600000) (1024K)]
Total: 7

Threads with active compile tasks:
C1 CompilerThread0  477  296       3       jdk.internal.org.objectweb.asm.Frame::execute (2305 bytes)
Total: 1

VM state: not at safepoint (normal execution)

VM Mutex/Monitor currently owned by a thread: None

Heap address: 0x00000000c4000000, size: 960 MB, Compressed Oops mode: 32-bit

CDS archive(s) mapped at: [0x000002993e000000-0x000002993ec60000-0x000002993ec60000), size 12976128, SharedBaseAddress: 0x000002993e000000, ArchiveRelocationMode: 1.
Compressed class space mapped at: 0x000002993f000000-0x000002997f000000, reserved size: 1073741824
Narrow klass base: 0x000002993e000000, Narrow klass shift: 0, Narrow klass range: 0x41000000

GC Precious Log:
 CardTable entry size: 512
 Card Set container configuration: InlinePtr #cards 5 size 8 Array Of Cards #cards 12 size 40 Howl #buckets 4 coarsen threshold 1843 Howl Bitmap #cards 512 size 80 coarsen threshold 460 Card regions per heap region 1 cards per card region 2048
 CPUs: 4 total, 4 available
 Memory: 3838M
 Large Page Support: Disabled
 NUMA Support: Disabled
 Compressed Oops: Enabled (32-bit)
 Heap Region Size: 1M
 Heap Min Capacity: 8M
 Heap Initial Capacity: 60M
 Heap Max Capacity: 960M
 Pre-touch: Disabled
 Parallel Workers: 4
 Concurrent Workers: 1
 Concurrent Refinement Workers: 4
 Periodic GC: Disabled

Heap:
 garbage-first heap   total reserved 983040K, committed 61440K, used 3072K [0x00000000c4000000, 0x0000000100000000)
  region size 1024K, 4 young (4096K), 0 survivors (0K)
 Metaspace       used 907K, committed 1088K, reserved 1114112K
  class space    used 85K, committed 128K, reserved 1048576K

Heap Regions: E=young(eden), S=young(survivor), O=old, HS=humongous(starts), HC=humongous(continues), CS=collection set, F=free, TAMS=top-at-mark-start, PB=parsable bottom
|   0|0x00000000c4000000, 0x00000000c4000000, 0x00000000c4100000|  0%| F|  |TAMS 0x00000000c4000000| PB 0x00000000c4000000| Untracked |  0
|   1|0x00000000c4100000, 0x00000000c4100000, 0x00000000c4200000|  0%| F|  |TAMS 0x00000000c4100000| PB 0x00000000c4100000| Untracked |  0
|   2|0x00000000c4200000, 0x00000000c4200000, 0x00000000c4300000|  0%| F|  |TAMS 0x00000000c4200000| PB 0x00000000c4200000| Untracked |  0
|   3|0x00000000c4300000, 0x00000000c4300000, 0x00000000c4400000|  0%| F|  |TAMS 0x00000000c4300000| PB 0x00000000c4300000| Untracked |  0
|   4|0x00000000c4400000, 0x00000000c4400000, 0x00000000c4500000|  0%| F|  |TAMS 0x00000000c4400000| PB 0x00000000c4400000| Untracked |  0
|   5|0x00000000c4500000, 0x00000000c4500000, 0x00000000c4600000|  0%| F|  |TAMS 0x00000000c4500000| PB 0x00000000c4500000| Untracked |  0
|   6|0x00000000c4600000, 0x00000000c4600000, 0x00000000c4700000|  0%| F|  |TAMS 0x00000000c4600000| PB 0x00000000c4600000| Untracked |  0
|   7|0x00000000c4700000, 0x00000000c4700000, 0x00000000c4800000|  0%| F|  |TAMS 0x00000000c4700000| PB 0x00000000c4700000| Untracked |  0
|   8|0x00000000c4800000, 0x00000000c4800000, 0x00000000c4900000|  0%| F|  |TAMS 0x00000000c4800000| PB 0x00000000c4800000| Untracked |  0
|   9|0x00000000c4900000, 0x00000000c4900000, 0x00000000c4a00000|  0%| F|  |TAMS 0x00000000c4900000| PB 0x00000000c4900000| Untracked |  0
|  10|0x00000000c4a00000, 0x00000000c4a00000, 0x00000000c4b00000|  0%| F|  |TAMS 0x00000000c4a00000| PB 0x00000000c4a00000| Untracked |  0
|  11|0x00000000c4b00000, 0x00000000c4b00000, 0x00000000c4c00000|  0%| F|  |TAMS 0x00000000c4b00000| PB 0x00000000c4b00000| Untracked |  0
|  12|0x00000000c4c00000, 0x00000000c4c00000, 0x00000000c4d00000|  0%| F|  |TAMS 0x00000000c4c00000| PB 0x00000000c4c00000| Untracked |  0
|  13|0x00000000c4d00000, 0x00000000c4d00000, 0x00000000c4e00000|  0%| F|  |TAMS 0x00000000c4d00000| PB 0x00000000c4d00000| Untracked |  0
|  14|0x00000000c4e00000, 0x00000000c4e00000, 0x00000000c4f00000|  0%| F|  |TAMS 0x00000000c4e00000| PB 0x00000000c4e00000| Untracked |  0
|  15|0x00000000c4f00000, 0x00000000c4f00000, 0x00000000c5000000|  0%| F|  |TAMS 0x00000000c4f00000| PB 0x00000000c4f00000| Untracked |  0
|  16|0x00000000c5000000, 0x00000000c5000000, 0x00000000c5100000|  0%| F|  |TAMS 0x00000000c5000000| PB 0x00000000c5000000| Untracked |  0
|  17|0x00000000c5100000, 0x00000000c5100000, 0x00000000c5200000|  0%| F|  |TAMS 0x00000000c5100000| PB 0x00000000c5100000| Untracked |  0
|  18|0x00000000c5200000, 0x00000000c5200000, 0x00000000c5300000|  0%| F|  |TAMS 0x00000000c5200000| PB 0x00000000c5200000| Untracked |  0
|  19|0x00000000c5300000, 0x00000000c5300000, 0x00000000c5400000|  0%| F|  |TAMS 0x00000000c5300000| PB 0x00000000c5300000| Untracked |  0
|  20|0x00000000c5400000, 0x00000000c5400000, 0x00000000c5500000|  0%| F|  |TAMS 0x00000000c5400000| PB 0x00000000c5400000| Untracked |  0
|  21|0x00000000c5500000, 0x00000000c5500000, 0x00000000c5600000|  0%| F|  |TAMS 0x00000000c5500000| PB 0x00000000c5500000| Untracked |  0
|  22|0x00000000c5600000, 0x00000000c5600000, 0x00000000c5700000|  0%| F|  |TAMS 0x00000000c5600000| PB 0x00000000c5600000| Untracked |  0
|  23|0x00000000c5700000, 0x00000000c5700000, 0x00000000c5800000|  0%| F|  |TAMS 0x00000000c5700000| PB 0x00000000c5700000| Untracked |  0
|  24|0x00000000c5800000, 0x00000000c5800000, 0x00000000c5900000|  0%| F|  |TAMS 0x00000000c5800000| PB 0x00000000c5800000| Untracked |  0
|  25|0x00000000c5900000, 0x00000000c5900000, 0x00000000c5a00000|  0%| F|  |TAMS 0x00000000c5900000| PB 0x00000000c5900000| Untracked |  0
|  26|0x00000000c5a00000, 0x00000000c5a00000, 0x00000000c5b00000|  0%| F|  |TAMS 0x00000000c5a00000| PB 0x00000000c5a00000| Untracked |  0
|  27|0x00000000c5b00000, 0x00000000c5b00000, 0x00000000c5c00000|  0%| F|  |TAMS 0x00000000c5b00000| PB 0x00000000c5b00000| Untracked |  0
|  28|0x00000000c5c00000, 0x00000000c5c00000, 0x00000000c5d00000|  0%| F|  |TAMS 0x00000000c5c00000| PB 0x00000000c5c00000| Untracked |  0
|  29|0x00000000c5d00000, 0x00000000c5d00000, 0x00000000c5e00000|  0%| F|  |TAMS 0x00000000c5d00000| PB 0x00000000c5d00000| Untracked |  0
|  30|0x00000000c5e00000, 0x00000000c5e00000, 0x00000000c5f00000|  0%| F|  |TAMS 0x00000000c5e00000| PB 0x00000000c5e00000| Untracked |  0
|  31|0x00000000c5f00000, 0x00000000c5f00000, 0x00000000c6000000|  0%| F|  |TAMS 0x00000000c5f00000| PB 0x00000000c5f00000| Untracked |  0
|  32|0x00000000c6000000, 0x00000000c6000000, 0x00000000c6100000|  0%| F|  |TAMS 0x00000000c6000000| PB 0x00000000c6000000| Untracked |  0
|  33|0x00000000c6100000, 0x00000000c6100000, 0x00000000c6200000|  0%| F|  |TAMS 0x00000000c6100000| PB 0x00000000c6100000| Untracked |  0
|  34|0x00000000c6200000, 0x00000000c6200000, 0x00000000c6300000|  0%| F|  |TAMS 0x00000000c6200000| PB 0x00000000c6200000| Untracked |  0
|  35|0x00000000c6300000, 0x00000000c6300000, 0x00000000c6400000|  0%| F|  |TAMS 0x00000000c6300000| PB 0x00000000c6300000| Untracked |  0
|  36|0x00000000c6400000, 0x00000000c6400000, 0x00000000c6500000|  0%| F|  |TAMS 0x00000000c6400000| PB 0x00000000c6400000| Untracked |  0
|  37|0x00000000c6500000, 0x00000000c6500000, 0x00000000c6600000|  0%| F|  |TAMS 0x00000000c6500000| PB 0x00000000c6500000| Untracked |  0
|  38|0x00000000c6600000, 0x00000000c6600000, 0x00000000c6700000|  0%| F|  |TAMS 0x00000000c6600000| PB 0x00000000c6600000| Untracked |  0
|  39|0x00000000c6700000, 0x00000000c6700000, 0x00000000c6800000|  0%| F|  |TAMS 0x00000000c6700000| PB 0x00000000c6700000| Untracked |  0
|  40|0x00000000c6800000, 0x00000000c6800000, 0x00000000c6900000|  0%| F|  |TAMS 0x00000000c6800000| PB 0x00000000c6800000| Untracked |  0
|  41|0x00000000c6900000, 0x00000000c6900000, 0x00000000c6a00000|  0%| F|  |TAMS 0x00000000c6900000| PB 0x00000000c6900000| Untracked |  0
|  42|0x00000000c6a00000, 0x00000000c6a00000, 0x00000000c6b00000|  0%| F|  |TAMS 0x00000000c6a00000| PB 0x00000000c6a00000| Untracked |  0
|  43|0x00000000c6b00000, 0x00000000c6b00000, 0x00000000c6c00000|  0%| F|  |TAMS 0x00000000c6b00000| PB 0x00000000c6b00000| Untracked |  0
|  44|0x00000000c6c00000, 0x00000000c6c00000, 0x00000000c6d00000|  0%| F|  |TAMS 0x00000000c6c00000| PB 0x00000000c6c00000| Untracked |  0
|  45|0x00000000c6d00000, 0x00000000c6d00000, 0x00000000c6e00000|  0%| F|  |TAMS 0x00000000c6d00000| PB 0x00000000c6d00000| Untracked |  0
|  46|0x00000000c6e00000, 0x00000000c6e00000, 0x00000000c6f00000|  0%| F|  |TAMS 0x00000000c6e00000| PB 0x00000000c6e00000| Untracked |  0
|  47|0x00000000c6f00000, 0x00000000c6f00000, 0x00000000c7000000|  0%| F|  |TAMS 0x00000000c6f00000| PB 0x00000000c6f00000| Untracked |  0
|  48|0x00000000c7000000, 0x00000000c7000000, 0x00000000c7100000|  0%| F|  |TAMS 0x00000000c7000000| PB 0x00000000c7000000| Untracked |  0
|  49|0x00000000c7100000, 0x00000000c7100000, 0x00000000c7200000|  0%| F|  |TAMS 0x00000000c7100000| PB 0x00000000c7100000| Untracked |  0
|  50|0x00000000c7200000, 0x00000000c7200000, 0x00000000c7300000|  0%| F|  |TAMS 0x00000000c7200000| PB 0x00000000c7200000| Untracked |  0
|  51|0x00000000c7300000, 0x00000000c7300000, 0x00000000c7400000|  0%| F|  |TAMS 0x00000000c7300000| PB 0x00000000c7300000| Untracked |  0
|  52|0x00000000c7400000, 0x00000000c7400000, 0x00000000c7500000|  0%| F|  |TAMS 0x00000000c7400000| PB 0x00000000c7400000| Untracked |  0
|  53|0x00000000c7500000, 0x00000000c7500000, 0x00000000c7600000|  0%| F|  |TAMS 0x00000000c7500000| PB 0x00000000c7500000| Untracked |  0
|  54|0x00000000c7600000, 0x00000000c7600000, 0x00000000c7700000|  0%| F|  |TAMS 0x00000000c7600000| PB 0x00000000c7600000| Untracked |  0
|  55|0x00000000c7700000, 0x00000000c7700000, 0x00000000c7800000|  0%| F|  |TAMS 0x00000000c7700000| PB 0x00000000c7700000| Untracked |  0
|  56|0x00000000c7800000, 0x00000000c788fa48, 0x00000000c7900000| 56%| E|  |TAMS 0x00000000c7800000| PB 0x00000000c7800000| Complete |  0
|  57|0x00000000c7900000, 0x00000000c7a00000, 0x00000000c7a00000|100%| E|CS|TAMS 0x00000000c7900000| PB 0x00000000c7900000| Complete |  0
|  58|0x00000000c7a00000, 0x00000000c7b00000, 0x00000000c7b00000|100%| E|CS|TAMS 0x00000000c7a00000| PB 0x00000000c7a00000| Complete |  0
|  59|0x00000000c7b00000, 0x00000000c7c00000, 0x00000000c7c00000|100%| E|CS|TAMS 0x00000000c7b00000| PB 0x00000000c7b00000| Complete |  0

Card table byte_map: [0x0000029939e40000,0x000002993a020000] _byte_map_base: 0x0000029939820000

Marking Bits: (CMBitMap*) 0x00000299222cffe0
 Bits: [0x000002993a020000, 0x000002993af20000)

Polling page: 0x00000299208a0000

Metaspace:

Usage:
  Non-class:    821.62 KB used.
      Class:     85.64 KB used.
       Both:    907.26 KB used.

Virtual space:
  Non-class space:       64.00 MB reserved,     960.00 KB (  1%) committed,  1 nodes.
      Class space:        1.00 GB reserved,     128.00 KB ( <1%) committed,  1 nodes.
             Both:        1.06 GB reserved,       1.06 MB ( <1%) committed. 

Chunk freelists:
   Non-Class:  11.86 MB
       Class:  15.71 MB
        Both:  27.57 MB

MaxMetaspaceSize: unlimited
CompressedClassSpaceSize: 1.00 GB
Initial GC threshold: 21.00 MB
Current GC threshold: 21.00 MB
CDS: on
 - commit_granule_bytes: 65536.
 - commit_granule_words: 8192.
 - virtual_space_node_default_size: 8388608.
 - enlarge_chunks_in_place: 1.
 - use_allocation_guard: 0.


Internal statistics:

num_allocs_failed_limit: 0.
num_arena_births: 68.
num_arena_deaths: 0.
num_vsnodes_births: 2.
num_vsnodes_deaths: 0.
num_space_committed: 17.
num_space_uncommitted: 0.
num_chunks_returned_to_freelist: 0.
num_chunks_taken_from_freelist: 80.
num_chunk_merges: 0.
num_chunk_splits: 52.
num_chunks_enlarged: 30.
num_inconsistent_stats: 0.

CodeHeap 'non-profiled nmethods': size=120000Kb used=105Kb max_used=105Kb free=119894Kb
 bounds [0x0000029932110000, 0x0000029932380000, 0x0000029939640000]
CodeHeap 'profiled nmethods': size=120000Kb used=353Kb max_used=353Kb free=119646Kb
 bounds [0x000002992a640000, 0x000002992a8b0000, 0x0000029931b70000]
CodeHeap 'non-nmethods': size=5760Kb used=1483Kb max_used=1497Kb free=4276Kb
 bounds [0x0000029931b70000, 0x0000029931de0000, 0x0000029932110000]
 total_blobs=774 nmethods=318 adapters=361
 compilation: enabled
              stopped_count=0, restarted_count=0
 full_count=0

Compilation events (20 events):
Event: 0.346 Thread 0x000002993d4e7e20 nmethod 281 0x000002992a694510 code [0x000002992a6946c0, 0x000002992a694840]
Event: 0.347 Thread 0x000002993d4e7e20  282       3       jdk.internal.org.objectweb.asm.SymbolTable::addConstantUtf8 (98 bytes)
Event: 0.347 Thread 0x000002993d4e7e20 nmethod 282 0x000002992a694910 code [0x000002992a694b40, 0x000002992a695140]
Event: 0.347 Thread 0x000002993d4e7e20  285       3       java.lang.invoke.LambdaForm::internArgument (85 bytes)
Event: 0.347 Thread 0x000002993d4e7e20 nmethod 285 0x000002992a695490 code [0x000002992a695660, 0x000002992a6959a8]
Event: 0.347 Thread 0x000002993d4e7e20  286       1       sun.invoke.util.Wrapper::basicTypeChar (5 bytes)
Event: 0.348 Thread 0x000002993d4e7e20 nmethod 286 0x0000029932124e90 code [0x0000029932125020, 0x00000299321250f0]
Event: 0.349 Thread 0x000002993d4e7e20  287       3       java.lang.invoke.MemberName::allFlagsSet (16 bytes)
Event: 0.349 Thread 0x000002993d4e7e20 nmethod 287 0x000002992a695b90 code [0x000002992a695d20, 0x000002992a695e88]
Event: 0.349 Thread 0x000002993d4e7e20  288       3       java.lang.StringBuilder::length (5 bytes)
Event: 0.349 Thread 0x000002993d4e7e20 nmethod 288 0x000002992a695f10 code [0x000002992a6960a0, 0x000002992a6961c0]
Event: 0.350 Thread 0x000002993d4e7e20  289       3       jdk.internal.org.objectweb.asm.ByteVector::putByte (39 bytes)
Event: 0.350 Thread 0x000002993d4e7e20 nmethod 289 0x000002992a696290 code [0x000002992a696440, 0x000002992a696620]
Event: 0.350 Thread 0x000002993d4e7e20  291       3       sun.invoke.util.Wrapper::forPrimitiveType (122 bytes)
Event: 0.351 Thread 0x000002993d4e7e20 nmethod 291 0x000002992a696790 code [0x000002992a696a60, 0x000002992a697540]
Event: 0.351 Thread 0x000002993d4e7e20  294       3       java.lang.StringLatin1::newString (24 bytes)
Event: 0.351 Thread 0x000002993d4e7e20 nmethod 294 0x000002992a697810 code [0x000002992a6979e0, 0x000002992a697cf0]
Event: 0.351 Thread 0x000002993d4e7e20  293       3       java.lang.invoke.MethodType::methodType (69 bytes)
Event: 0.352 Thread 0x000002993d4e7e20 nmethod 293 0x000002992a697e10 code [0x000002992a698020, 0x000002992a6984d0]
Event: 0.352 Thread 0x000002993d4e7e20  296       3       jdk.internal.org.objectweb.asm.Frame::execute (2305 bytes)

GC Heap History (0 events):
No events

Dll operation events (6 events):
Event: 0.026 Loaded shared library C:\Program Files\Java\jdk-22\bin\java.dll
Event: 0.091 Loaded shared library C:\Program Files\Java\jdk-22\bin\jsvml.dll
Event: 0.163 Loaded shared library C:\Program Files\Java\jdk-22\bin\net.dll
Event: 0.169 Loaded shared library C:\Program Files\Java\jdk-22\bin\nio.dll
Event: 0.251 Loaded shared library C:\Program Files\Java\jdk-22\bin\zip.dll
Event: 0.278 Loaded shared library C:\Program Files\Java\jdk-22\bin\jimage.dll

Deoptimization events (4 events):
Event: 0.335 Thread 0x0000029920911770 Uncommon trap: trap_request=0xffffff45 fr.pc=0x000002993211c0f8 relative=0x0000000000000158
Event: 0.335 Thread 0x0000029920911770 Uncommon trap: reason=unstable_if action=reinterpret pc=0x000002993211c0f8 method=java.util.concurrent.locks.ReentrantLock$NonfairSync.initialTryLock()Z @ 10 c2
Event: 0.335 Thread 0x0000029920911770 DEOPT PACKING pc=0x000002993211c0f8 sp=0x000000a5ae0feec0
Event: 0.335 Thread 0x0000029920911770 DEOPT UNPACKING pc=0x0000029931bc7da2 sp=0x000000a5ae0fee68 mode 2

Classes loaded (20 events):
Event: 0.179 Loading class sun/nio/ch/IOStatus
Event: 0.179 Loading class sun/nio/ch/IOStatus done
Event: 0.247 Loading class sun/util/calendar/ZoneInfoFile$Checksum
Event: 0.248 Loading class sun/util/calendar/ZoneInfoFile$Checksum done
Event: 0.252 Loading class java/time/zone/ZoneRulesProvider
Event: 0.252 Loading class java/time/zone/ZoneRulesProvider done
Event: 0.252 Loading class java/time/zone/ZoneRulesProvider$1
Event: 0.252 Loading class java/time/zone/ZoneRulesProvider$1 done
Event: 0.252 Loading class java/time/zone/TzdbZoneRulesProvider
Event: 0.252 Loading class java/time/zone/TzdbZoneRulesProvider done
Event: 0.263 Loading class java/util/Arrays$ArrayItr
Event: 0.263 Loading class java/util/Arrays$ArrayItr done
Event: 0.317 Loading class java/time/zone/Ser
Event: 0.317 Loading class java/io/Externalizable
Event: 0.319 Loading class java/io/Externalizable done
Event: 0.319 Loading class java/time/zone/Ser done
Event: 0.321 Loading class java/time/zone/ZoneOffsetTransition
Event: 0.321 Loading class java/time/zone/ZoneOffsetTransition done
Event: 0.321 Loading class java/time/Year
Event: 0.322 Loading class java/time/Year done

Classes unloaded (0 events):
No events

Classes redefined (0 events):
No events

Internal exceptions (0 events):
No events

ZGC Phase Switch (0 events):
No events

VM Operations (2 events):
Event: 0.216 Executing VM operation: HandshakeAllThreads (Deoptimize)
Event: 0.216 Executing VM operation: HandshakeAllThreads (Deoptimize) done

Events (11 events):
Event: 0.051 Thread 0x0000029920911770 Thread added: 0x0000029920911770
Event: 0.085 Thread 0x000002993d49cf80 Thread added: 0x000002993d49cf80
Event: 0.086 Thread 0x000002993d49e800 Thread added: 0x000002993d49e800
Event: 0.088 Thread 0x000002993d4a3a30 Thread added: 0x000002993d4a3a30
Event: 0.088 Thread 0x000002993d4a64a0 Thread added: 0x000002993d4a64a0
Event: 0.089 Thread 0x000002993d4a9720 Thread added: 0x000002993d4a9720
Event: 0.089 Thread 0x000002993d4aa180 Thread added: 0x000002993d4aa180
Event: 0.089 Thread 0x000002993d4aaf10 Thread added: 0x000002993d4aaf10
Event: 0.091 Thread 0x000002993d4e7e20 Thread added: 0x000002993d4e7e20
Event: 0.145 Thread 0x000002993d774b80 Thread added: 0x000002993d774b80
Event: 0.150 Thread 0x000002993d783a30 Thread added: 0x000002993d783a30


Dynamic libraries:
0x00007ff60c650000 - 0x00007ff60c660000 	C:\Program Files\Java\jdk-22\bin\javaw.exe
0x00007fffe6fa0000 - 0x00007fffe7208000 	C:\WINDOWS\SYSTEM32\ntdll.dll
0x00007fffe5580000 - 0x00007fffe5649000 	C:\WINDOWS\System32\KERNEL32.DLL
0x00007fffe4430000 - 0x00007fffe4822000 	C:\WINDOWS\System32\KERNELBASE.dll
0x00007fffe4830000 - 0x00007fffe497b000 	C:\WINDOWS\System32\ucrtbase.dll
0x00007fffccdf0000 - 0x00007fffcce07000 	C:\Program Files\Java\jdk-22\bin\jli.dll
0x00007fffe64d0000 - 0x00007fffe6584000 	C:\WINDOWS\System32\ADVAPI32.dll
0x00007fffe60b0000 - 0x00007fffe6159000 	C:\WINDOWS\System32\msvcrt.dll
0x00007fffe6670000 - 0x00007fffe6716000 	C:\WINDOWS\System32\sechost.dll
0x00007fffe4eb0000 - 0x00007fffe4fc8000 	C:\WINDOWS\System32\RPCRT4.dll
0x00007fffba250000 - 0x00007fffba26b000 	C:\Program Files\Java\jdk-22\bin\VCRUNTIME140.dll
0x00007fffe4fd0000 - 0x00007fffe5195000 	C:\WINDOWS\System32\USER32.dll
0x00007fffe4290000 - 0x00007fffe42b7000 	C:\WINDOWS\System32\win32u.dll
0x00007fffe51a0000 - 0x00007fffe51cb000 	C:\WINDOWS\System32\GDI32.dll
0x00007fffe4c40000 - 0x00007fffe4d6d000 	C:\WINDOWS\System32\gdi32full.dll
0x00007fffe4b90000 - 0x00007fffe4c33000 	C:\WINDOWS\System32\msvcp_win.dll
0x00007fffc8aa0000 - 0x00007fffc8d33000 	C:\WINDOWS\WinSxS\amd64_microsoft.windows.common-controls_6595b64144ccf1df_6.0.26100.6899_none_3e0efeeae32e88c1\COMCTL32.dll
0x00007fffd3be0000 - 0x00007fffd3beb000 	C:\WINDOWS\SYSTEM32\VERSION.dll
0x00007fffe67b0000 - 0x00007fffe67df000 	C:\WINDOWS\System32\IMM32.DLL
0x00007fffcda40000 - 0x00007fffcda4c000 	C:\Program Files\Java\jdk-22\bin\vcruntime140_1.dll
0x00007fff97780000 - 0x00007fff9780e000 	C:\Program Files\Java\jdk-22\bin\msvcp140.dll
0x00007fff942a0000 - 0x00007fff94fe8000 	C:\Program Files\Java\jdk-22\bin\server\jvm.dll
0x00007fffe6a50000 - 0x00007fffe6ac4000 	C:\WINDOWS\System32\WS2_32.dll
0x00007fffe1b20000 - 0x00007fffe1b55000 	C:\WINDOWS\SYSTEM32\WINMM.dll
0x00007fffe3f90000 - 0x00007fffe3fee000 	C:\WINDOWS\SYSTEM32\POWRPROF.dll
0x00007fffe3f70000 - 0x00007fffe3f84000 	C:\WINDOWS\SYSTEM32\UMPDC.dll
0x00007fffe2f00000 - 0x00007fffe2f1b000 	C:\WINDOWS\SYSTEM32\kernel.appcore.dll
0x00007fffd5670000 - 0x00007fffd567a000 	C:\Program Files\Java\jdk-22\bin\jimage.dll
0x00007fffe1840000 - 0x00007fffe1a82000 	C:\WINDOWS\SYSTEM32\DBGHELP.DLL
0x00007fffe5200000 - 0x00007fffe557b000 	C:\WINDOWS\System32\combase.dll
0x00007fffe6590000 - 0x00007fffe6667000 	C:\WINDOWS\System32\OLEAUT32.dll
0x00007fffe1ae0000 - 0x00007fffe1b1c000 	C:\WINDOWS\SYSTEM32\dbgcore.DLL
0x00007fffe4130000 - 0x00007fffe41c8000 	C:\WINDOWS\System32\bcryptPrimitives.dll
0x00007fffcf5b0000 - 0x00007fffcf5ce000 	C:\Program Files\Java\jdk-22\bin\java.dll
0x00007fffe5670000 - 0x00007fffe5dbd000 	C:\WINDOWS\System32\SHELL32.dll
0x00007fffe42c0000 - 0x00007fffe442b000 	C:\WINDOWS\System32\wintypes.dll
0x00007fffe6160000 - 0x00007fffe62f8000 	C:\WINDOWS\System32\ole32.dll
0x00007fffe1d80000 - 0x00007fffe25dd000 	C:\WINDOWS\SYSTEM32\windows.storage.dll
0x00007fffe5fb0000 - 0x00007fffe60a2000 	C:\WINDOWS\System32\SHCORE.dll
0x00007fffe6460000 - 0x00007fffe64c2000 	C:\WINDOWS\System32\shlwapi.dll
0x00007fffe4050000 - 0x00007fffe4079000 	C:\WINDOWS\SYSTEM32\profapi.dll
0x00007fffa07f0000 - 0x00007fffa08c7000 	C:\Program Files\Java\jdk-22\bin\jsvml.dll
0x00007fffd5430000 - 0x00007fffd5440000 	C:\Program Files\Java\jdk-22\bin\net.dll
0x00007fffe3470000 - 0x00007fffe34db000 	C:\WINDOWS\system32\mswsock.dll
0x00007fffcdda0000 - 0x00007fffcddb6000 	C:\Program Files\Java\jdk-22\bin\nio.dll
0x00007fffcdc30000 - 0x00007fffcdc47000 	C:\Program Files\Java\jdk-22\bin\zip.dll

dbghelp: loaded successfully - version: 4.0.5 - missing functions: none
symbol engine: initialized successfully - sym options: 0x614 - pdb path: .;C:\Program Files\Java\jdk-22\bin;C:\WINDOWS\SYSTEM32;C:\WINDOWS\WinSxS\amd64_microsoft.windows.common-controls_6595b64144ccf1df_6.0.26100.6899_none_3e0efeeae32e88c1;C:\Program Files\Java\jdk-22\bin\server

VM Arguments:
jvm_args: -Dfile.encoding=UTF-8 -Dstdout.encoding=UTF-8 -Dstderr.encoding=UTF-8 -XX:+ShowCodeDetailsInExceptionMessages 
java_command: Main
java_class_path (initial): C:\Users\luciano\biblioteca-java-rober\bin
Launcher Type: SUN_STANDARD

[Global flags]
     intx CICompilerCount                          = 3                                         {product} {ergonomic}
     uint ConcGCThreads                            = 1                                         {product} {ergonomic}
     uint G1ConcRefinementThreads                  = 4                                         {product} {ergonomic}
   size_t G1HeapRegionSize                         = 1048576                                   {product} {ergonomic}
   size_t InitialHeapSize                          = 62914560                                  {product} {ergonomic}
   size_t MarkStackSize                            = 4194304                                   {product} {ergonomic}
   size_t MaxHeapSize                              = 1006632960                                {product} {ergonomic}
   size_t MaxNewSize                               = 603979776                                 {product} {ergonomic}
   size_t MinHeapDeltaBytes                        = 1048576                                   {product} {ergonomic}
   size_t MinHeapSize                              = 8388608                                   {product} {ergonomic}
    uintx NonNMethodCodeHeapSize                   = 5832780                                {pd product} {ergonomic}
    uintx NonProfiledCodeHeapSize                  = 122912730                              {pd product} {ergonomic}
    uintx ProfiledCodeHeapSize                     = 122912730                              {pd product} {ergonomic}
    uintx ReservedCodeCacheSize                    = 251658240                              {pd product} {ergonomic}
     bool SegmentedCodeCache                       = true                                      {product} {ergonomic}
     bool ShowCodeDetailsInExceptionMessages       = true                                   {manageable} {command line}
   size_t SoftMaxHeapSize                          = 1006632960                             {manageable} {ergonomic}
     bool UseCompressedOops                        = true                           {product lp64_product} {ergonomic}
     bool UseG1GC                                  = true                                      {product} {ergonomic}
     bool UseLargePagesIndividualAllocation        = false                                  {pd product} {ergonomic}

Logging:
Log output configuration:
 #0: stdout all=warning uptime,level,tags foldmultilines=false
 #1: stderr all=off uptime,level,tags foldmultilines=false

Environment Variables:
JAVA_HOME=C:\Program Files\Java\jdk1.8.0_202
PATH=C:/Program Files/Java/jdk-22/bin/server;C:/Program Files/Java/jdk-22/bin;C:\Program Files\Java\jdk1.8.0_202\bin;C:\Program Files\Amazon Corretto\jdk21.0.5_11\bin;C:\Program Files\Common Files\Oracle\Java\javapath;C:\Program Files (x86)\Common Files\Oracle\Java\javapath;C:\WINDOWS\system32;C:\WINDOWS;C:\WINDOWS\System32\Wbem;C:\WINDOWS\System32\WindowsPowerShell\v1.0\;C:\WINDOWS\System32\OpenSSH\;C:\Program Files\dotnet\;C:\Program Files\nodejs\;C:\Program Files\Git\cmd;C:\Users\luciano\Downloads\apache-maven-3.9.9-bin\apache-maven-3.9.9\bin;C:\apache-ant-1.10.15\bin;C:\Program Files\Amazon Corretto\jdk21.0.5_11\bin;C:\Program Files\Amazon Corretto\jdk21.0.5_11\bin;C:\Program Files\Common Files\Oracle\Java\javapath;C:\Program Files (x86)\Common Files\Oracle\Java\javapath;C:\WINDOWS\system32;C:\WINDOWS;C:\WINDOWS\System32\Wbem;C:\WINDOWS\System32\WindowsPowerShell\v1.0\;C:\WINDOWS\System32\OpenSSH\;C:\Program Files\dotnet\;C:\Program Files\nodejs\;C:\Program Files\Git\cmd;C:\Users\luciano\Downloads\apache-maven-3.9.9-bin\apache-maven-3.9.9\bin;C:\apache-ant-1.10.15\bin;C:\Users\luciano\AppData\Local\Microsoft\WindowsApps;C:\Users\luciano\AppData\Local\Programs\Microsoft VS Code\bin;C:\Users\luciano\AppData\Roaming\npm;C:\xampp\php;C:\Users\luciano\composer;C:\Users\luciano\AppData\Roaming\Composer\vendor\bin;C:\Users\luciano\AppData\Local\Google\Cloud SDK\google-cloud-sdk\bin;C:\Gradle\gradle-8.12\bin;C:\WINDOWS\System32;
USERNAME=luciano
OS=Windows_NT
PROCESSOR_IDENTIFIER=Intel64 Family 6 Model 140 Stepping 1, GenuineIntel
TMP=C:\Users\luciano\AppData\Local\Temp
TEMP=C:\Users\luciano\AppData\Local\Temp




Periodic native trim disabled

---------------  S Y S T E M  ---------------

OS:
 Windows 11 , 64 bit Build 26100 (10.0.26100.6725)
OS uptime: 7 days 13:27 hours
Hyper-V role detected

CPU: total 4 (initial active 4) (2 cores per cpu, 2 threads per core) family 6 model 140 stepping 1 microcode 0xbc, cx8, cmov, fxsr, ht, mmx, 3dnowpref, sse, sse2, sse3, ssse3, sse4.1, sse4.2, popcnt, lzcnt, tsc, tscinvbit, avx, avx2, aes, erms, clmul, bmi1, bmi2, adx, avx512f, avx512dq, avx512cd, avx512bw, avx512vl, sha, fma, vzeroupper, avx512_vpopcntdq, avx512_vpclmulqdq, avx512_vaes, avx512_vnni, clflush, clflushopt, clwb, avx512_vbmi2, avx512_vbmi, hv, rdtscp, rdpid, fsrm, gfni, avx512_bitalg, f16c, cet_ibt, cet_ss, avx512_ifma
Processor Information for all 4 processors :
  Max Mhz: 2995, Current Mhz: 2995, Mhz Limit: 2995

Memory: 4k page, system-wide physical 3838M (144M free)
TotalPageFile size 15614M (AvailPageFile size 0M)
current process WorkingSet (physical memory assigned to process): 42M, peak: 42M
current process commit charge ("private bytes"): 133M, peak: 133M

vm_info: Java HotSpot(TM) 64-Bit Server VM (22+36-2370) for windows-amd64 JRE (22+36-2370), built on 2024-02-15T22:15:19Z by "mach5one" with MS VC++ 17.6 (VS2022)

END.
